build/app/intermediates/proguard-rules/release/aapt_rules.txt
# Referenced at merged_manifests/release/AndroidManifest.xml:23
-keep class androidx.core.app.CoreComponentFactory { <init>(); }
# Referenced at merged_manifests/release/AndroidManifest.xml:28
-keep class com.pakiza.MessMgmt.MainActivity { <init>(); }
# Referenced at merged_manifests/release/AndroidManifest.xml:23
-keep class io.flutter.app.FlutterApplication { <init>(); }