build/app/outputs/mapping/release/mapping.txt
# compiler: R8
# compiler_version: 1.5.64
# min_api: 16
# pg_map_id: d6ce0fa
...
io.flutter.embedding.engine.plugins.contentprovider.ContentProviderPluginBinding -> io.flutter.embedding.engine.g.e.c:
io.flutter.embedding.engine.plugins.lifecycle.FlutterLifecycleAdapter -> io.flutter.embedding.engine.plugins.lifecycle.a:
    androidx.lifecycle.Lifecycle getActivityLifecycle(io.flutter.embedding.engine.plugins.activity.ActivityPluginBinding) -> a
io.flutter.embedding.engine.plugins.service.ServiceAware -> io.flutter.embedding.engine.g.f.a:
    void onAttachedToService(io.flutter.embedding.engine.plugins.service.ServicePluginBinding) -> a
    void onDetachedFromService() -> a
io.flutter.embedding.engine.plugins.service.ServiceControlSurface -> io.flutter.embedding.engine.g.f.b:
io.flutter.embedding.engine.plugins.service.ServicePluginBinding -> io.flutter.embedding.engine.g.f.c:
io.flutter.embedding.engine.renderer.FlutterRenderer -> io.flutter.embedding.engine.h.a:
    io.flutter.embedding.engine.FlutterJNI flutterJNI -> a
    java.util.concurrent.atomic.AtomicLong nextTextureId -> b
    android.view.Surface surface -> c
    io.flutter.embedding.engine.renderer.FlutterUiDisplayListener flutterUiDisplayListener -> e
    boolean isDisplayingFlutterUi -> d
    boolean access$002(io.flutter.embedding.engine.renderer.FlutterRenderer,boolean) -> a
    void access$300(io.flutter.embedding.engine.renderer.FlutterRenderer,long) -> a
    void addIsDisplayingFlutterUiListener(io.flutter.embedding.engine.renderer.FlutterUiDisplayListener) -> a
    io.flutter.view.TextureRegistry$SurfaceTextureEntry createSurfaceTexture() -> a
    void dispatchPointerDataPacket(java.nio.ByteBuffer,int) -> a
    void markTextureFrameAvailable(long) -> a
    void registerTexture(long,android.graphics.SurfaceTexture) -> a
    void setSemanticsEnabled(boolean) -> a
    void setViewportMetrics(io.flutter.embedding.engine.renderer.FlutterRenderer$ViewportMetrics) -> a
    void startRenderingToSurface(android.view.Surface) -> a
    void surfaceChanged(int,int) -> a
    void access$400(io.flutter.embedding.engine.renderer.FlutterRenderer,long) -> b
    boolean isDisplayingFlutterUi() -> b
    void removeIsDisplayingFlutterUiListener(io.flutter.embedding.engine.renderer.FlutterUiDisplayListener) -> b
    void unregisterTexture(long) -> b
    boolean isSoftwareRenderingEnabled() -> c
io.flutter.embedding.engine.renderer.FlutterRenderer$1 -> io.flutter.embedding.engine.h.a$a:
    io.flutter.embedding.engine.renderer.FlutterRenderer this$0 -> a
    void onFlutterUiDisplayed() -> b
    void onFlutterUiNoLongerDisplayed() -> c
io.flutter.embedding.engine.renderer.FlutterRenderer$SurfaceTextureRegistryEntry -> io.flutter.embedding.engine.h.a$b:
    io.flutter.embedding.engine.renderer.FlutterRenderer this$0 -> e
    android.graphics.SurfaceTexture surfaceTexture -> b
    android.graphics.SurfaceTexture$OnFrameAvailableListener onFrameListener -> d
    long id -> a
    boolean released -> c
    boolean access$100(io.flutter.embedding.engine.renderer.FlutterRenderer$SurfaceTextureRegistryEntry) -> a
    void release() -> a
    long access$200(io.flutter.embedding.engine.renderer.FlutterRenderer$SurfaceTextureRegistryEntry) -> b
    long id() -> b
    android.graphics.SurfaceTexture surfaceTexture() -> c
io.flutter.embedding.engine.renderer.FlutterRenderer$SurfaceTextureRegistryEntry$1 -> io.flutter.embedding.engine.h.a$b$a:
    io.flutter.embedding.engine.renderer.FlutterRenderer$SurfaceTextureRegistryEntry this$1 -> a
io.flutter.embedding.engine.renderer.FlutterRenderer$ViewportMetrics -> io.flutter.embedding.engine.h.a$c:
    int systemGestureInsetBottom -> n
    int systemGestureInsetLeft -> o
    int systemGestureInsetTop -> l
    int systemGestureInsetRight -> m
    int viewInsetBottom -> j
    int viewInsetLeft -> k
    int viewInsetTop -> h
    int viewInsetRight -> i
    int paddingBottom -> f
    int paddingLeft -> g
    int paddingTop -> d
    float devicePixelRatio -> a
    int paddingRight -> e
    int width -> b
    int height -> c